Using pre-set license

 COMMAND LINE ARGUMENTS:
/Applications/2020.3.11f1/Unity.app/Contents/MacOS/Unity
-adb2
-batchMode
-noUpm
-name
AssetImportWorker0
-projectPath
/Users/alessandro/Documents/Sistemte Interactive/tower-defense-unity-game-master/RP Tower Defense Game
-logFile
Logs/AssetImportWorker0.log
-srvPort
59320
Successfully changed project path to: /Users/alessandro/Documents/Sistemte Interactive/tower-defense-unity-game-master/RP Tower Defense Game
/Users/alessandro/Documents/Sistemte Interactive/tower-defense-unity-game-master/RP Tower Defense Game
Using Asset Import Pipeline V2.
Refreshing native plugins compatible for Editor in 42.82 ms, found 2 plugins.
Preloading 0 native plugins for Editor in 0.00 ms.
Initialize engine version: 2020.3.11f1 (99c7afb366b3)
[Subsystems] Discovering subsystems at path /Applications/2020.3.11f1/Unity.app/Contents/Resources/UnitySubsystems
[Subsystems] Discovering subsystems at path /Users/alessandro/Documents/Sistemte Interactive/tower-defense-unity-game-master/RP Tower Defense Game/Assets
GfxDevice: creating device client; threaded=0
2021-06-06 17:22:48.054 Unity[85225:6515039] Color LCD preferred device: Intel(R) UHD Graphics 630 (low power)
2021-06-06 17:22:48.054 Unity[85225:6515039] Metal devices available: 2
2021-06-06 17:22:48.055 Unity[85225:6515039] 0: AMD Radeon Pro 555X (high power)
2021-06-06 17:22:48.055 Unity[85225:6515039] 1: Intel(R) UHD Graphics 630 (low power)
2021-06-06 17:22:48.055 Unity[85225:6515039] Using device AMD Radeon Pro 555X (high power)
Initializing Metal device caps: AMD Radeon Pro 555X
Initialize mono
Mono path[0] = '/Applications/2020.3.11f1/Unity.app/Contents/Managed'
Mono path[1] = '/Applications/2020.3.11f1/Unity.app/Contents/MonoBleedingEdge/lib/mono/unityjit'
Mono config path = '/Applications/2020.3.11f1/Unity.app/Contents/MonoBleedingEdge/etc'
Using monoOptions --debugger-agent=transport=dt_socket,embedding=1,server=y,suspend=n,address=127.0.0.1:56225
Begin MonoManager ReloadAssembly
Registering precompiled unity dll's ...
Register platform support module: /Applications/2020.3.11f1/Unity.app/Contents/PlaybackEngines/MacStandaloneSupport/UnityEditor.OSXStandalone.Extensions.dll
Registered in 0.000457 seconds.
Native extension for OSXStandalone target not found
Refreshing native plugins compatible for Editor in 36.08 ms, found 2 plugins.
Preloading 0 native plugins for Editor in 0.00 ms.
Mono: successfully reloaded assembly
- Completed reload, in  1.282 seconds
Platform modules already initialized, skipping
Registering precompiled user dll's ...
Registered in 0.001899 seconds.
Begin MonoManager ReloadAssembly
Native extension for OSXStandalone target not found
Refreshing native plugins compatible for Editor in 0.57 ms, found 2 plugins.
Preloading 0 native plugins for Editor in 0.00 ms.
Mono: successfully reloaded assembly
- Completed reload, in  1.200 seconds
Platform modules already initialized, skipping
========================================================================
Worker process is ready to serve import requests
Launching external process: /Applications/2020.3.11f1/Unity.app/Contents/Tools/UnityShaderCompiler
Launched and connected shader compiler UnityShaderCompiler after 0.01 seconds
Refreshing native plugins compatible for Editor in 0.54 ms, found 2 plugins.
Preloading 0 native plugins for Editor in 0.00 ms.
Unloading 1941 Unused Serialized files (Serialized files now loaded: 0)
System memory in use before: 157.5 MB.
System memory in use after: 157.6 MB.

Unloading 58 unused Assets to reduce memory usage. Loaded Objects now: 2357.
Total: 4.938857 ms (FindLiveObjects: 0.178891 ms CreateObjectMapping: 0.061717 ms MarkObjects: 4.625020 ms  DeleteObjects: 0.072624 ms)

========================================================================
Received Import Request.
  path: Assets/prefab/FirePoint.prefab
  artifactKey: Guid(457617eded0ae47b1a042b5da5dc32eb) Importer(815301076,1909f56bfc062723c751e8b465ee728b)
Start importing Assets/prefab/FirePoint.prefab using Guid(457617eded0ae47b1a042b5da5dc32eb) Importer(815301076,1909f56bfc062723c751e8b465ee728b)  -> (artifact id: 'dfc832ddb7aca6a61c9f0d474c165d74') in 0.763825 seconds
  Import took 0.766661 seconds .

========================================================================
Received Import Request.
  Time since last request: 0.000191 seconds.
  path: Assets/prefab/RoundTower_High 2 Variant.prefab
  artifactKey: Guid(08ad64743addd4961abedbc8d1921b13) Importer(815301076,1909f56bfc062723c751e8b465ee728b)
Start importing Assets/prefab/RoundTower_High 2 Variant.prefab using Guid(08ad64743addd4961abedbc8d1921b13) Importer(815301076,1909f56bfc062723c751e8b465ee728b)  -> (artifact id: '47486dd8c9efe8238763f3db0674041d') in 0.062527 seconds
  Import took 0.065306 seconds .

========================================================================
Received Import Request.
  Time since last request: 0.000200 seconds.
  path: Assets/prefab/RoundTower_High 2.FBX
  artifactKey: Guid(0201b30acae724fd8b25892f5b8e2930) Importer(815301076,1909f56bfc062723c751e8b465ee728b)
Start importing Assets/prefab/RoundTower_High 2.FBX using Guid(0201b30acae724fd8b25892f5b8e2930) Importer(815301076,1909f56bfc062723c751e8b465ee728b)  -> (artifact id: 'aa5843ebb76b7b7fcc9e818440901142') in 0.335268 seconds
  Import took 0.337778 seconds .

========================================================================
Received Import Request.
  Time since last request: 0.523641 seconds.
  path: Assets/prefab/FirePoint.prefab
  artifactKey: Guid(457617eded0ae47b1a042b5da5dc32eb) Importer(815301076,1909f56bfc062723c751e8b465ee728b)
Start importing Assets/prefab/FirePoint.prefab using Guid(457617eded0ae47b1a042b5da5dc32eb) Importer(815301076,1909f56bfc062723c751e8b465ee728b)  -> (artifact id: 'dfc832ddb7aca6a61c9f0d474c165d74') in 0.004577 seconds
  Import took 0.007504 seconds .

========================================================================
Received Prepare
Registering precompiled user dll's ...
Registered in 0.004355 seconds.
Begin MonoManager ReloadAssembly
Native extension for OSXStandalone target not found
Refreshing native plugins compatible for Editor in 0.59 ms, found 2 plugins.
Preloading 0 native plugins for Editor in 0.00 ms.
Mono: successfully reloaded assembly
- Completed reload, in  1.140 seconds
Platform modules already initialized, skipping
Refreshing native plugins compatible for Editor in 0.57 ms, found 2 plugins.
Preloading 0 native plugins for Editor in 0.00 ms.
Unloading 1934 Unused Serialized files (Serialized files now loaded: 0)
System memory in use before: 169.8 MB.
System memory in use after: 169.9 MB.

Unloading 49 unused Assets to reduce memory usage. Loaded Objects now: 2371.
Total: 4.324143 ms (FindLiveObjects: 0.156578 ms CreateObjectMapping: 0.055212 ms MarkObjects: 4.092659 ms  DeleteObjects: 0.018950 ms)

========================================================================
Received Prepare
Registering precompiled user dll's ...
Registered in 0.002300 seconds.
Begin MonoManager ReloadAssembly
Native extension for OSXStandalone target not found
Refreshing native plugins compatible for Editor in 0.60 ms, found 2 plugins.
Preloading 0 native plugins for Editor in 0.00 ms.
Mono: successfully reloaded assembly
- Completed reload, in  1.158 seconds
Platform modules already initialized, skipping
Refreshing native plugins compatible for Editor in 0.58 ms, found 2 plugins.
Preloading 0 native plugins for Editor in 0.00 ms.
Unloading 1934 Unused Serialized files (Serialized files now loaded: 0)
System memory in use before: 170.1 MB.
System memory in use after: 170.2 MB.

Unloading 49 unused Assets to reduce memory usage. Loaded Objects now: 2374.
Total: 4.785995 ms (FindLiveObjects: 0.202359 ms CreateObjectMapping: 0.075550 ms MarkObjects: 4.482729 ms  DeleteObjects: 0.024473 ms)

