Using pre-set license

 COMMAND LINE ARGUMENTS:
/Applications/Unity/Hub/Editor/2020.3.11f1/Unity.app/Contents/MacOS/Unity
-adb2
-batchMode
-noUpm
-name
AssetImportWorker0
-projectPath
/Users/ralucaportase/Documents/repos/tower-defence-unity-game
-logFile
Logs/AssetImportWorker0.log
-srvPort
65402
Successfully changed project path to: /Users/ralucaportase/Documents/repos/tower-defence-unity-game
/Users/ralucaportase/Documents/repos/tower-defence-unity-game
Using Asset Import Pipeline V2.
Refreshing native plugins compatible for Editor in 49.77 ms, found 2 plugins.
Preloading 0 native plugins for Editor in 0.00 ms.
Initialize engine version: 2020.3.11f1 (99c7afb366b3)
[Subsystems] Discovering subsystems at path /Applications/Unity/Hub/Editor/2020.3.11f1/Unity.app/Contents/Resources/UnitySubsystems
[Subsystems] Discovering subsystems at path /Users/ralucaportase/Documents/repos/tower-defence-unity-game/Assets
GfxDevice: creating device client; threaded=0
2021-06-06 17:09:14.670 Unity[60736:33964253] Color LCD preferred device: AMD Radeon Pro 560 (high power)
2021-06-06 17:09:14.670 Unity[60736:33964253] Metal devices available: 2
2021-06-06 17:09:14.670 Unity[60736:33964253] 0: AMD Radeon Pro 560 (high power)
2021-06-06 17:09:14.670 Unity[60736:33964253] 1: Intel(R) UHD Graphics 630 (low power)
2021-06-06 17:09:14.671 Unity[60736:33964253] Using device AMD Radeon Pro 560 (high power)
Initializing Metal device caps: AMD Radeon Pro 560
Initialize mono
Mono path[0] = '/Applications/Unity/Hub/Editor/2020.3.11f1/Unity.app/Contents/Managed'
Mono path[1] = '/Applications/Unity/Hub/Editor/2020.3.11f1/Unity.app/Contents/MonoBleedingEdge/lib/mono/unityjit'
Mono config path = '/Applications/Unity/Hub/Editor/2020.3.11f1/Unity.app/Contents/MonoBleedingEdge/etc'
Using monoOptions --debugger-agent=transport=dt_socket,embedding=1,server=y,suspend=n,address=127.0.0.1:56736
Begin MonoManager ReloadAssembly
Registering precompiled unity dll's ...
Register platform support module: /Applications/Unity/Hub/Editor/2020.3.11f1/Unity.app/Contents/PlaybackEngines/MacStandaloneSupport/UnityEditor.OSXStandalone.Extensions.dll
Registered in 0.000538 seconds.
Native extension for OSXStandalone target not found
Refreshing native plugins compatible for Editor in 43.28 ms, found 2 plugins.
Preloading 0 native plugins for Editor in 0.00 ms.
Mono: successfully reloaded assembly
- Completed reload, in  1.414 seconds
Platform modules already initialized, skipping
Registering precompiled user dll's ...
Registered in 0.003295 seconds.
Begin MonoManager ReloadAssembly
Native extension for OSXStandalone target not found
Refreshing native plugins compatible for Editor in 0.72 ms, found 2 plugins.
Preloading 0 native plugins for Editor in 0.00 ms.
Mono: successfully reloaded assembly
- Completed reload, in  1.306 seconds
Platform modules already initialized, skipping
========================================================================
Worker process is ready to serve import requests
Launching external process: /Applications/Unity/Hub/Editor/2020.3.11f1/Unity.app/Contents/Tools/UnityShaderCompiler
Launched and connected shader compiler UnityShaderCompiler after 0.02 seconds
Refreshing native plugins compatible for Editor in 0.62 ms, found 2 plugins.
Preloading 0 native plugins for Editor in 0.00 ms.
Unloading 1941 Unused Serialized files (Serialized files now loaded: 0)
System memory in use before: 156.0 MB.
System memory in use after: 156.1 MB.

Unloading 58 unused Assets to reduce memory usage. Loaded Objects now: 2357.
Total: 5.471334 ms (FindLiveObjects: 0.191509 ms CreateObjectMapping: 0.081616 ms MarkObjects: 5.105432 ms  DeleteObjects: 0.091556 ms)

========================================================================
Received Import Request.
  path: Assets/scripts/DefaultTowerTransform.preset
  artifactKey: Guid(b627c124a7e7f430e83ddc863146a57c) Importer(815301076,1909f56bfc062723c751e8b465ee728b)
Start importing Assets/scripts/DefaultTowerTransform.preset using Guid(b627c124a7e7f430e83ddc863146a57c) Importer(815301076,1909f56bfc062723c751e8b465ee728b)  -> (artifact id: '5390d92e76a0e73111fd0c0efeba4779') in 0.233211 seconds
  Import took 0.236374 seconds .

========================================================================
Received Import Request.
  Time since last request: 0.000303 seconds.
  path: Assets/scripts/TSransform.preset
  artifactKey: Guid(f373724dc195c41e1afe383ecd5af7ce) Importer(815301076,1909f56bfc062723c751e8b465ee728b)
Start importing Assets/scripts/TSransform.preset using Guid(f373724dc195c41e1afe383ecd5af7ce) Importer(815301076,1909f56bfc062723c751e8b465ee728b)  -> (artifact id: '9cb21fe88423682c69837ce060dd55b7') in 0.003471 seconds
  Import took 0.007173 seconds .

========================================================================
Received Import Request.
  Time since last request: 0.000291 seconds.
  path: Assets/scripts/DefaultTowerTransform.preset
  artifactKey: Guid(b627c124a7e7f430e83ddc863146a57c) Importer(815301076,1909f56bfc062723c751e8b465ee728b)
Start importing Assets/scripts/DefaultTowerTransform.preset using Guid(b627c124a7e7f430e83ddc863146a57c) Importer(815301076,1909f56bfc062723c751e8b465ee728b)  -> (artifact id: '5390d92e76a0e73111fd0c0efeba4779') in 0.003468 seconds
  Import took 0.007782 seconds .

========================================================================
Received Import Request.
  Time since last request: 0.009258 seconds.
  path: Assets/scripts/TSransform.preset
  artifactKey: Guid(f373724dc195c41e1afe383ecd5af7ce) Importer(815301076,1909f56bfc062723c751e8b465ee728b)
Start importing Assets/scripts/TSransform.preset using Guid(f373724dc195c41e1afe383ecd5af7ce) Importer(815301076,1909f56bfc062723c751e8b465ee728b)  -> (artifact id: '9cb21fe88423682c69837ce060dd55b7') in 0.003114 seconds
  Import took 0.008346 seconds .

========================================================================
Received Import Request.
  Time since last request: 3.860383 seconds.
  path: Assets/scripts/MushroomSpawner.cs
  artifactKey: Guid(36df2d03c11504024bcd4cadfaed2e55) Importer(815301076,1909f56bfc062723c751e8b465ee728b)
Start importing Assets/scripts/MushroomSpawner.cs using Guid(36df2d03c11504024bcd4cadfaed2e55) Importer(815301076,1909f56bfc062723c751e8b465ee728b)  -> (artifact id: '0f0c40f43f73a0bac75c0217df538e0a') in 0.167927 seconds
  Import took 0.170857 seconds .

========================================================================
Received Import Request.
  Time since last request: 188.242174 seconds.
  path: Assets/Medieval Bridge/Texture and Materials/Bridge/1_AlbedoTransparency.png
  artifactKey: Guid(bf7affff989ba1c40ae36dd4c64557d6) Importer(815301076,1909f56bfc062723c751e8b465ee728b)
Start importing Assets/Medieval Bridge/Texture and Materials/Bridge/1_AlbedoTransparency.png using Guid(bf7affff989ba1c40ae36dd4c64557d6) Importer(815301076,1909f56bfc062723c751e8b465ee728b)  -> (artifact id: '247f71d7648e15e973a8b894d87609bf') in 0.230046 seconds
  Import took 0.233514 seconds .

========================================================================
Received Import Request.
  Time since last request: 0.000242 seconds.
  path: Assets/Medieval Bridge/Texture and Materials/Bridge/2_AlbedoTransparency_NRM.png
  artifactKey: Guid(50e3d7821965f374794a82db9ee69b21) Importer(815301076,1909f56bfc062723c751e8b465ee728b)
Start importing Assets/Medieval Bridge/Texture and Materials/Bridge/2_AlbedoTransparency_NRM.png using Guid(50e3d7821965f374794a82db9ee69b21) Importer(815301076,1909f56bfc062723c751e8b465ee728b)  -> (artifact id: 'f406e4269c41b8fb2326fd0795b2c84d') in 0.040611 seconds
  Import took 0.044134 seconds .

========================================================================
Received Import Request.
  Time since last request: 0.000288 seconds.
  path: Assets/Medieval Bridge/Texture and Materials/Bridge/1_Normal.png
  artifactKey: Guid(4cf7451013e84944e9cfdad73ba50448) Importer(815301076,1909f56bfc062723c751e8b465ee728b)
Start importing Assets/Medieval Bridge/Texture and Materials/Bridge/1_Normal.png using Guid(4cf7451013e84944e9cfdad73ba50448) Importer(815301076,1909f56bfc062723c751e8b465ee728b)  -> (artifact id: 'ced99401064d207154765f555c51a3d5') in 0.016532 seconds
  Import took 0.019693 seconds .

========================================================================
Received Import Request.
  Time since last request: 0.000197 seconds.
  path: Assets/Medieval Bridge/Texture and Materials/Bridge/1_AlbedoTransparency_NRM.png
  artifactKey: Guid(a7abcf27bd82cd242b5675dbbfa22587) Importer(815301076,1909f56bfc062723c751e8b465ee728b)
Start importing Assets/Medieval Bridge/Texture and Materials/Bridge/1_AlbedoTransparency_NRM.png using Guid(a7abcf27bd82cd242b5675dbbfa22587) Importer(815301076,1909f56bfc062723c751e8b465ee728b)  -> (artifact id: '768fdcce160a57636539120556d9cd15') in 0.013414 seconds
  Import took 0.016619 seconds .

========================================================================
Received Import Request.
  Time since last request: 0.000207 seconds.
  path: Assets/Medieval Bridge/Texture and Materials/Bridge/2_AlbedoTransparency_OCC.png
  artifactKey: Guid(48aa306c6eabf3044bfd77960dd78b99) Importer(815301076,1909f56bfc062723c751e8b465ee728b)
Start importing Assets/Medieval Bridge/Texture and Materials/Bridge/2_AlbedoTransparency_OCC.png using Guid(48aa306c6eabf3044bfd77960dd78b99) Importer(815301076,1909f56bfc062723c751e8b465ee728b)  -> (artifact id: '4993ba9a72d664340c66dce4c1376256') in 0.009866 seconds
  Import took 0.013015 seconds .

========================================================================
Received Import Request.
  Time since last request: 0.000199 seconds.
  path: Assets/Medieval Bridge/Texture and Materials/Bridge/1_AlbedoTransparency.png
  artifactKey: Guid(bf7affff989ba1c40ae36dd4c64557d6) Importer(815301076,1909f56bfc062723c751e8b465ee728b)
Start importing Assets/Medieval Bridge/Texture and Materials/Bridge/1_AlbedoTransparency.png using Guid(bf7affff989ba1c40ae36dd4c64557d6) Importer(815301076,1909f56bfc062723c751e8b465ee728b)  -> (artifact id: '247f71d7648e15e973a8b894d87609bf') in 0.011529 seconds
  Import took 0.014576 seconds .

========================================================================
Received Import Request.
  Time since last request: 0.000213 seconds.
  path: Assets/Medieval Bridge/Texture and Materials/Bridge/2_Normal.png
  artifactKey: Guid(3eb8c0d08b0395544832ab8d7c7a8e66) Importer(815301076,1909f56bfc062723c751e8b465ee728b)
Start importing Assets/Medieval Bridge/Texture and Materials/Bridge/2_Normal.png using Guid(3eb8c0d08b0395544832ab8d7c7a8e66) Importer(815301076,1909f56bfc062723c751e8b465ee728b)  -> (artifact id: '6287b7b1f1e5a766f4b20a2693bd8a43') in 0.016924 seconds
  Import took 0.020070 seconds .

========================================================================
Received Import Request.
  Time since last request: 0.000212 seconds.
  path: Assets/Medieval Bridge/Texture and Materials/Bridge/2_AlbedoTransparency.png
  artifactKey: Guid(aee51f6a0d9164c428b48d9642b18c31) Importer(815301076,1909f56bfc062723c751e8b465ee728b)
Start importing Assets/Medieval Bridge/Texture and Materials/Bridge/2_AlbedoTransparency.png using Guid(aee51f6a0d9164c428b48d9642b18c31) Importer(815301076,1909f56bfc062723c751e8b465ee728b)  -> (artifact id: 'edb7866b795bb666543d9f286a700c76') in 0.009011 seconds
  Import took 0.011783 seconds .

========================================================================
Received Import Request.
  Time since last request: 0.000195 seconds.
  path: Assets/Medieval Bridge/Texture and Materials/Bridge/1_AlbedoTransparency_OCC.png
  artifactKey: Guid(aceb69d306b3e03429f4a62118045ad7) Importer(815301076,1909f56bfc062723c751e8b465ee728b)
Start importing Assets/Medieval Bridge/Texture and Materials/Bridge/1_AlbedoTransparency_OCC.png using Guid(aceb69d306b3e03429f4a62118045ad7) Importer(815301076,1909f56bfc062723c751e8b465ee728b)  -> (artifact id: '288612e306e87ab6ef6f102a7eef4086') in 0.012130 seconds
  Import took 0.015190 seconds .

========================================================================
Received Import Request.
  Time since last request: 0.002395 seconds.
  path: Assets/Medieval Bridge/Texture and Materials/Bridge/2_AlbedoTransparency.png
  artifactKey: Guid(aee51f6a0d9164c428b48d9642b18c31) Importer(815301076,1909f56bfc062723c751e8b465ee728b)
Start importing Assets/Medieval Bridge/Texture and Materials/Bridge/2_AlbedoTransparency.png using Guid(aee51f6a0d9164c428b48d9642b18c31) Importer(815301076,1909f56bfc062723c751e8b465ee728b)  -> (artifact id: 'edb7866b795bb666543d9f286a700c76') in 0.009542 seconds
  Import took 0.012766 seconds .

========================================================================
Received Import Request.
  Time since last request: 2.249991 seconds.
  path: Assets/Watch_tower/Tower_A/Materials/Corrugate.mat
  artifactKey: Guid(38b60ec8af61f8a49b382c0304fb8fa4) Importer(815301076,1909f56bfc062723c751e8b465ee728b)
Start importing Assets/Watch_tower/Tower_A/Materials/Corrugate.mat using Guid(38b60ec8af61f8a49b382c0304fb8fa4) Importer(815301076,1909f56bfc062723c751e8b465ee728b)  -> (artifact id: '081946ed3ebd626ef47fe1b2c982549d') in 0.451755 seconds
  Import took 0.455006 seconds .

========================================================================
Received Import Request.
  Time since last request: 0.000204 seconds.
  path: Assets/Watch_tower/Tower_A/Tex/Corrugate_NORM.png
  artifactKey: Guid(90bac6b01eb053d4896412989bc2dc43) Importer(815301076,1909f56bfc062723c751e8b465ee728b)
Start importing Assets/Watch_tower/Tower_A/Tex/Corrugate_NORM.png using Guid(90bac6b01eb053d4896412989bc2dc43) Importer(815301076,1909f56bfc062723c751e8b465ee728b)  -> (artifact id: 'e96d8a51e4d1ed549eb0e41926a5c91a') in 0.012527 seconds
  Import took 0.015339 seconds .

========================================================================
Received Import Request.
  Time since last request: 0.000175 seconds.
  path: Assets/Watch_tower/Tower_A/Tex/Corrugate.png
  artifactKey: Guid(ed77cddc86da4484697cc8b4badd58cb) Importer(815301076,1909f56bfc062723c751e8b465ee728b)
Start importing Assets/Watch_tower/Tower_A/Tex/Corrugate.png using Guid(ed77cddc86da4484697cc8b4badd58cb) Importer(815301076,1909f56bfc062723c751e8b465ee728b)  -> (artifact id: 'e8867261c7300802181a10f42be43901') in 0.012687 seconds
  Import took 0.015686 seconds .

========================================================================
Received Import Request.
  Time since last request: 0.000177 seconds.
  path: Assets/Watch_tower/Tower_A/Tex/Corrugate_DISP.png
  artifactKey: Guid(47e15c4f271dd7646bf26f4f100152f1) Importer(815301076,1909f56bfc062723c751e8b465ee728b)
Start importing Assets/Watch_tower/Tower_A/Tex/Corrugate_DISP.png using Guid(47e15c4f271dd7646bf26f4f100152f1) Importer(815301076,1909f56bfc062723c751e8b465ee728b)  -> (artifact id: '4b3385b67f5b610951390ee95dfc7125') in 0.013475 seconds
  Import took 0.016461 seconds .

========================================================================
Received Import Request.
  Time since last request: 0.000197 seconds.
  path: Assets/Watch_tower/Tower_A/Tex/Corrugate_OCC.png
  artifactKey: Guid(d5a0f6e7fea3fa149b6f4d13cf7338b4) Importer(815301076,1909f56bfc062723c751e8b465ee728b)
Start importing Assets/Watch_tower/Tower_A/Tex/Corrugate_OCC.png using Guid(d5a0f6e7fea3fa149b6f4d13cf7338b4) Importer(815301076,1909f56bfc062723c751e8b465ee728b)  -> (artifact id: 'e78b9eadc6fbd2ea0c12c82b13afb091') in 0.011118 seconds
  Import took 0.014273 seconds .

========================================================================
Received Prepare
Registering precompiled user dll's ...
Registered in 0.002491 seconds.
Begin MonoManager ReloadAssembly
Native extension for OSXStandalone target not found
Refreshing native plugins compatible for Editor in 0.63 ms, found 2 plugins.
Preloading 0 native plugins for Editor in 0.00 ms.
Mono: successfully reloaded assembly
- Completed reload, in  1.161 seconds
Platform modules already initialized, skipping
Refreshing native plugins compatible for Editor in 0.61 ms, found 2 plugins.
Preloading 0 native plugins for Editor in 0.00 ms.
Unloading 1934 Unused Serialized files (Serialized files now loaded: 0)
System memory in use before: 176.6 MB.
System memory in use after: 176.8 MB.

Unloading 49 unused Assets to reduce memory usage. Loaded Objects now: 2404.
Total: 5.271073 ms (FindLiveObjects: 0.199890 ms CreateObjectMapping: 0.077767 ms MarkObjects: 4.965500 ms  DeleteObjects: 0.026750 ms)

========================================================================
Received Prepare
Registering precompiled user dll's ...
Registered in 0.003098 seconds.
Begin MonoManager ReloadAssembly
Native extension for OSXStandalone target not found
Refreshing native plugins compatible for Editor in 0.60 ms, found 2 plugins.
Preloading 0 native plugins for Editor in 0.00 ms.
Mono: successfully reloaded assembly
- Completed reload, in  1.168 seconds
Platform modules already initialized, skipping
Refreshing native plugins compatible for Editor in 0.59 ms, found 2 plugins.
Preloading 0 native plugins for Editor in 0.00 ms.
Unloading 1934 Unused Serialized files (Serialized files now loaded: 0)
System memory in use before: 177.0 MB.
System memory in use after: 177.1 MB.

Unloading 49 unused Assets to reduce memory usage. Loaded Objects now: 2407.
Total: 4.896548 ms (FindLiveObjects: 0.173373 ms CreateObjectMapping: 0.067599 ms MarkObjects: 4.631882 ms  DeleteObjects: 0.022498 ms)

